2019/12/17 06:49:37 [error] [exception.CDbException] CDbException: The table "{{post}}" for active record class "Post" cannot be found in the database. in /Users/bao/Documents/Projects/Websites/MIH/yii-final-project/framework/db/ar/CActiveRecord.php:2390
Stack trace:
#0 /Users/bao/Documents/Projects/Websites/MIH/yii-final-project/framework/db/ar/CActiveRecord.php(413): CActiveRecordMetaData->__construct(Object(Post))
#1 /Users/bao/Documents/Projects/Websites/MIH/yii-final-project/framework/db/ar/CActiveRecord.php(663): CActiveRecord->getMetaData()
#2 /Users/bao/Documents/Projects/Websites/MIH/yii-final-project/framework/db/ar/CActiveRecord.php(1493): CActiveRecord->getTableSchema()
#3 /Users/bao/Documents/Projects/Websites/MIH/yii-final-project/mih/protected/controllers/PostController.php(180): CActiveRecord->findByPk('4', '')
#4 /Users/bao/Documents/Projects/Websites/MIH/yii-final-project/mih/protected/controllers/PostController.php(48): PostController->loadModel()
#5 /Users/bao/Documents/Projects/Websites/MIH/yii-final-project/framework/web/actions/CInlineAction.php(49): PostController->actionView()
#6 /Users/bao/Documents/Projects/Websites/MIH/yii-final-project/framework/web/CController.php(308): CInlineAction->runWithParams(Array)
#7 /Users/bao/Documents/Projects/Websites/MIH/yii-final-project/framework/web/filters/CFilterChain.php(134): CController->runAction(Object(CInlineAction))
#8 /Users/bao/Documents/Projects/Websites/MIH/yii-final-project/framework/web/filters/CFilter.php(40): CFilterChain->run()
#9 /Users/bao/Documents/Projects/Websites/MIH/yii-final-project/framework/web/CController.php(1148): CFilter->filter(Object(CFilterChain))
#10 /Users/bao/Documents/Projects/Websites/MIH/yii-final-project/framework/web/filters/CInlineFilter.php(58): CController->filterAccessControl(Object(CFilterChain))
#11 /Users/bao/Documents/Projects/Websites/MIH/yii-final-project/framework/web/filters/CFilterChain.php(131): CInlineFilter->filter(Object(CFilterChain))
#12 /Users/bao/Documents/Projects/Websites/MIH/yii-final-project/framework/web/CController.php(291): CFilterChain->run()
#13 /Users/bao/Documents/Projects/Websites/MIH/yii-final-project/framework/web/CController.php(265): CController->runActionWithFilters(Object(CInlineAction), Array)
#14 /Users/bao/Documents/Projects/Websites/MIH/yii-final-project/framework/web/CWebApplication.php(282): CController->run('view')
#15 /Users/bao/Documents/Projects/Websites/MIH/yii-final-project/framework/web/CWebApplication.php(141): CWebApplication->runController('post/view')
#16 /Users/bao/Documents/Projects/Websites/MIH/yii-final-project/framework/base/CApplication.php(185): CWebApplication->processRequest()
#17 /Users/bao/Documents/Projects/Websites/MIH/yii-final-project/mih/index.php(11): CApplication->run()
#18 {main}
REQUEST_URI=/index.php/post/view?id=4
HTTP_REFERER=http://local.mihyii/index.php/post/create
---
2019/12/17 06:49:39 [error] [exception.CDbException] CDbException: The table "{{post}}" for active record class "Post" cannot be found in the database. in /Users/bao/Documents/Projects/Websites/MIH/yii-final-project/framework/db/ar/CActiveRecord.php:2390
Stack trace:
#0 /Users/bao/Documents/Projects/Websites/MIH/yii-final-project/framework/db/ar/CActiveRecord.php(413): CActiveRecordMetaData->__construct(Object(Post))
#1 /Users/bao/Documents/Projects/Websites/MIH/yii-final-project/framework/db/ar/CActiveRecord.php(663): CActiveRecord->getMetaData()
#2 /Users/bao/Documents/Projects/Websites/MIH/yii-final-project/framework/db/ar/CActiveFinder.php(393): CActiveRecord->getTableSchema()
#3 /Users/bao/Documents/Projects/Websites/MIH/yii-final-project/framework/db/ar/CActiveFinder.php(47): CJoinElement->__construct(Object(CActiveFinder), Object(Post))
#4 /Users/bao/Documents/Projects/Websites/MIH/yii-final-project/framework/db/ar/CActiveRecord.php(915): CActiveFinder->__construct(Object(Post), 'commentCount')
#5 /Users/bao/Documents/Projects/Websites/MIH/yii-final-project/framework/db/ar/CActiveRecord.php(1612): CActiveRecord->getActiveFinder('commentCount')
#6 /Users/bao/Documents/Projects/Websites/MIH/yii-final-project/framework/web/CActiveDataProvider.php(228): CActiveRecord->count(Object(CDbCriteria))
#7 /Users/bao/Documents/Projects/Websites/MIH/yii-final-project/framework/web/CDataProvider.php(224): CActiveDataProvider->calculateTotalItemCount()
#8 /Users/bao/Documents/Projects/Websites/MIH/yii-final-project/framework/web/CActiveDataProvider.php(178): CDataProvider->getTotalItemCount()
#9 /Users/bao/Documents/Projects/Websites/MIH/yii-final-project/framework/web/CDataProvider.php(168): CActiveDataProvider->fetchData()
#10 /Users/bao/Documents/Projects/Websites/MIH/yii-final-project/framework/zii/widgets/CBaseListView.php(125): CDataProvider->getData()
#11 /Users/bao/Documents/Projects/Websites/MIH/yii-final-project/framework/zii/widgets/CListView.php(211): CBaseListView->init()
#12 /Users/bao/Documents/Projects/Websites/MIH/yii-final-project/framework/web/CBaseController.php(147): CListView->init()
#13 /Users/bao/Documents/Projects/Websites/MIH/yii-final-project/framework/web/CBaseController.php(181): CBaseController->createWidget('zii.widgets.CLi...', Array)
#14 /Users/bao/Documents/Projects/Websites/MIH/yii-final-project/mih/protected/views/post/index.php(8): CBaseController->widget('zii.widgets.CLi...', Array)
#15 /Users/bao/Documents/Projects/Websites/MIH/yii-final-project/framework/web/CBaseController.php(126): require('/Users/bao/Docu...')
#16 /Users/bao/Documents/Projects/Websites/MIH/yii-final-project/framework/web/CBaseController.php(95): CBaseController->renderInternal('/Users/bao/Docu...', Array, true)
#17 /Users/bao/Documents/Projects/Websites/MIH/yii-final-project/framework/web/CController.php(872): CBaseController->renderFile('/Users/bao/Docu...', Array, true)
#18 /Users/bao/Documents/Projects/Websites/MIH/yii-final-project/framework/web/CController.php(785): CController->renderPartial('index', Array, true)
#19 /Users/bao/Documents/Projects/Websites/MIH/yii-final-project/mih/protected/controllers/PostController.php(135): CController->render('index', Array)
#20 /Users/bao/Documents/Projects/Websites/MIH/yii-final-project/framework/web/actions/CInlineAction.php(49): PostController->actionIndex()
#21 /Users/bao/Documents/Projects/Websites/MIH/yii-final-project/framework/web/CController.php(308): CInlineAction->runWithParams(Array)
#22 /Users/bao/Documents/Projects/Websites/MIH/yii-final-project/framework/web/filters/CFilterChain.php(134): CController->runAction(Object(CInlineAction))
#23 /Users/bao/Documents/Projects/Websites/MIH/yii-final-project/framework/web/filters/CFilter.php(40): CFilterChain->run()
#24 /Users/bao/Documents/Projects/Websites/MIH/yii-final-project/framework/web/CController.php(1148): CFilter->filter(Object(CFilterChain))
#25 /Users/bao/Documents/Projects/Websites/MIH/yii-final-project/framework/web/filters/CInlineFilter.php(58): CController->filterAccessControl(Object(CFilterChain))
#26 /Users/bao/Documents/Projects/Websites/MIH/yii-final-project/framework/web/filters/CFilterChain.php(131): CInlineFilter->filter(Object(CFilterChain))
#27 /Users/bao/Documents/Projects/Websites/MIH/yii-final-project/framework/web/CController.php(291): CFilterChain->run()
#28 /Users/bao/Documents/Projects/Websites/MIH/yii-final-project/framework/web/CController.php(265): CController->runActionWithFilters(Object(CInlineAction), Array)
#29 /Users/bao/Documents/Projects/Websites/MIH/yii-final-project/framework/web/CWebApplication.php(282): CController->run('')
#30 /Users/bao/Documents/Projects/Websites/MIH/yii-final-project/framework/web/CWebApplication.php(141): CWebApplication->runController('')
#31 /Users/bao/Documents/Projects/Websites/MIH/yii-final-project/framework/base/CApplication.php(185): CWebApplication->processRequest()
#32 /Users/bao/Documents/Projects/Websites/MIH/yii-final-project/mih/index.php(11): CApplication->run()
#33 {main}
REQUEST_URI=/index.php
HTTP_REFERER=http://local.mihyii/index.php/post/view?id=4
---
2019/12/17 06:49:42 [error] [exception.CDbException] CDbException: The table "{{user}}" for active record class "User" cannot be found in the database. in /Users/bao/Documents/Projects/Websites/MIH/yii-final-project/framework/db/ar/CActiveRecord.php:2390
Stack trace:
#0 /Users/bao/Documents/Projects/Websites/MIH/yii-final-project/framework/db/ar/CActiveRecord.php(413): CActiveRecordMetaData->__construct(Object(User))
#1 /Users/bao/Documents/Projects/Websites/MIH/yii-final-project/framework/db/ar/CActiveRecord.php(663): CActiveRecord->getMetaData()
#2 /Users/bao/Documents/Projects/Websites/MIH/yii-final-project/framework/db/ar/CActiveRecord.php(1358): CActiveRecord->getTableSchema()
#3 /Users/bao/Documents/Projects/Websites/MIH/yii-final-project/framework/db/ar/CActiveRecord.php(1464): CActiveRecord->query(Object(CDbCriteria))
#4 /Users/bao/Documents/Projects/Websites/MIH/yii-final-project/mih/protected/components/UserIdentity.php(18): CActiveRecord->find('LOWER(username)...', Array)
#5 /Users/bao/Documents/Projects/Websites/MIH/yii-final-project/mih/protected/models/LoginForm.php(52): UserIdentity->authenticate()
#6 /Users/bao/Documents/Projects/Websites/MIH/yii-final-project/framework/validators/CInlineValidator.php(42): LoginForm->authenticate('password', Array)
#7 /Users/bao/Documents/Projects/Websites/MIH/yii-final-project/framework/validators/CValidator.php(201): CInlineValidator->validateAttribute(Object(LoginForm), 'password')
#8 /Users/bao/Documents/Projects/Websites/MIH/yii-final-project/framework/base/CModel.php(159): CValidator->validate(Object(LoginForm), Array)
#9 /Users/bao/Documents/Projects/Websites/MIH/yii-final-project/framework/web/widgets/CActiveForm.php(987): CModel->validate(NULL)
#10 /Users/bao/Documents/Projects/Websites/MIH/yii-final-project/mih/protected/controllers/SiteController.php(73): CActiveForm::validate(Array)
#11 /Users/bao/Documents/Projects/Websites/MIH/yii-final-project/framework/web/actions/CInlineAction.php(49): SiteController->actionLogin()
#12 /Users/bao/Documents/Projects/Websites/MIH/yii-final-project/framework/web/CController.php(308): CInlineAction->runWithParams(Array)
#13 /Users/bao/Documents/Projects/Websites/MIH/yii-final-project/framework/web/CController.php(286): CController->runAction(Object(CInlineAction))
#14 /Users/bao/Documents/Projects/Websites/MIH/yii-final-project/framework/web/CController.php(265): CController->runActionWithFilters(Object(CInlineAction), Array)
#15 /Users/bao/Documents/Projects/Websites/MIH/yii-final-project/framework/web/CWebApplication.php(282): CController->run('login')
#16 /Users/bao/Documents/Projects/Websites/MIH/yii-final-project/framework/web/CWebApplication.php(141): CWebApplication->runController('site/login')
#17 /Users/bao/Documents/Projects/Websites/MIH/yii-final-project/framework/base/CApplication.php(185): CWebApplication->processRequest()
#18 /Users/bao/Documents/Projects/Websites/MIH/yii-final-project/mih/index.php(11): CApplication->run()
#19 {main}
REQUEST_URI=/index.php/site/login
HTTP_REFERER=http://local.mihyii/index.php/site/login
---
2019/12/17 06:49:43 [error] [exception.CDbException] CDbException: The table "{{user}}" for active record class "User" cannot be found in the database. in /Users/bao/Documents/Projects/Websites/MIH/yii-final-project/framework/db/ar/CActiveRecord.php:2390
Stack trace:
#0 /Users/bao/Documents/Projects/Websites/MIH/yii-final-project/framework/db/ar/CActiveRecord.php(413): CActiveRecordMetaData->__construct(Object(User))
#1 /Users/bao/Documents/Projects/Websites/MIH/yii-final-project/framework/db/ar/CActiveRecord.php(663): CActiveRecord->getMetaData()
#2 /Users/bao/Documents/Projects/Websites/MIH/yii-final-project/framework/db/ar/CActiveRecord.php(1358): CActiveRecord->getTableSchema()
#3 /Users/bao/Documents/Projects/Websites/MIH/yii-final-project/framework/db/ar/CActiveRecord.php(1464): CActiveRecord->query(Object(CDbCriteria))
#4 /Users/bao/Documents/Projects/Websites/MIH/yii-final-project/mih/protected/components/UserIdentity.php(18): CActiveRecord->find('LOWER(username)...', Array)
#5 /Users/bao/Documents/Projects/Websites/MIH/yii-final-project/mih/protected/models/LoginForm.php(52): UserIdentity->authenticate()
#6 /Users/bao/Documents/Projects/Websites/MIH/yii-final-project/framework/validators/CInlineValidator.php(42): LoginForm->authenticate('password', Array)
#7 /Users/bao/Documents/Projects/Websites/MIH/yii-final-project/framework/validators/CValidator.php(201): CInlineValidator->validateAttribute(Object(LoginForm), 'password')
#8 /Users/bao/Documents/Projects/Websites/MIH/yii-final-project/framework/base/CModel.php(159): CValidator->validate(Object(LoginForm), Array)
#9 /Users/bao/Documents/Projects/Websites/MIH/yii-final-project/framework/web/widgets/CActiveForm.php(987): CModel->validate(NULL)
#10 /Users/bao/Documents/Projects/Websites/MIH/yii-final-project/mih/protected/controllers/SiteController.php(73): CActiveForm::validate(Array)
#11 /Users/bao/Documents/Projects/Websites/MIH/yii-final-project/framework/web/actions/CInlineAction.php(49): SiteController->actionLogin()
#12 /Users/bao/Documents/Projects/Websites/MIH/yii-final-project/framework/web/CController.php(308): CInlineAction->runWithParams(Array)
#13 /Users/bao/Documents/Projects/Websites/MIH/yii-final-project/framework/web/CController.php(286): CController->runAction(Object(CInlineAction))
#14 /Users/bao/Documents/Projects/Websites/MIH/yii-final-project/framework/web/CController.php(265): CController->runActionWithFilters(Object(CInlineAction), Array)
#15 /Users/bao/Documents/Projects/Websites/MIH/yii-final-project/framework/web/CWebApplication.php(282): CController->run('login')
#16 /Users/bao/Documents/Projects/Websites/MIH/yii-final-project/framework/web/CWebApplication.php(141): CWebApplication->runController('site/login')
#17 /Users/bao/Documents/Projects/Websites/MIH/yii-final-project/framework/base/CApplication.php(185): CWebApplication->processRequest()
#18 /Users/bao/Documents/Projects/Websites/MIH/yii-final-project/mih/index.php(11): CApplication->run()
#19 {main}
REQUEST_URI=/index.php/site/login
HTTP_REFERER=http://local.mihyii/index.php/site/login
---
2019/12/17 06:49:44 [error] [exception.CDbException] CDbException: The table "{{user}}" for active record class "User" cannot be found in the database. in /Users/bao/Documents/Projects/Websites/MIH/yii-final-project/framework/db/ar/CActiveRecord.php:2390
Stack trace:
#0 /Users/bao/Documents/Projects/Websites/MIH/yii-final-project/framework/db/ar/CActiveRecord.php(413): CActiveRecordMetaData->__construct(Object(User))
#1 /Users/bao/Documents/Projects/Websites/MIH/yii-final-project/framework/db/ar/CActiveRecord.php(663): CActiveRecord->getMetaData()
#2 /Users/bao/Documents/Projects/Websites/MIH/yii-final-project/framework/db/ar/CActiveRecord.php(1358): CActiveRecord->getTableSchema()
#3 /Users/bao/Documents/Projects/Websites/MIH/yii-final-project/framework/db/ar/CActiveRecord.php(1464): CActiveRecord->query(Object(CDbCriteria))
#4 /Users/bao/Documents/Projects/Websites/MIH/yii-final-project/mih/protected/components/UserIdentity.php(18): CActiveRecord->find('LOWER(username)...', Array)
#5 /Users/bao/Documents/Projects/Websites/MIH/yii-final-project/mih/protected/models/LoginForm.php(52): UserIdentity->authenticate()
#6 /Users/bao/Documents/Projects/Websites/MIH/yii-final-project/framework/validators/CInlineValidator.php(42): LoginForm->authenticate('password', Array)
#7 /Users/bao/Documents/Projects/Websites/MIH/yii-final-project/framework/validators/CValidator.php(201): CInlineValidator->validateAttribute(Object(LoginForm), 'password')
#8 /Users/bao/Documents/Projects/Websites/MIH/yii-final-project/framework/base/CModel.php(159): CValidator->validate(Object(LoginForm), Array)
#9 /Users/bao/Documents/Projects/Websites/MIH/yii-final-project/framework/web/widgets/CActiveForm.php(987): CModel->validate(NULL)
#10 /Users/bao/Documents/Projects/Websites/MIH/yii-final-project/mih/protected/controllers/SiteController.php(73): CActiveForm::validate(Array)
#11 /Users/bao/Documents/Projects/Websites/MIH/yii-final-project/framework/web/actions/CInlineAction.php(49): SiteController->actionLogin()
#12 /Users/bao/Documents/Projects/Websites/MIH/yii-final-project/framework/web/CController.php(308): CInlineAction->runWithParams(Array)
#13 /Users/bao/Documents/Projects/Websites/MIH/yii-final-project/framework/web/CController.php(286): CController->runAction(Object(CInlineAction))
#14 /Users/bao/Documents/Projects/Websites/MIH/yii-final-project/framework/web/CController.php(265): CController->runActionWithFilters(Object(CInlineAction), Array)
#15 /Users/bao/Documents/Projects/Websites/MIH/yii-final-project/framework/web/CWebApplication.php(282): CController->run('login')
#16 /Users/bao/Documents/Projects/Websites/MIH/yii-final-project/framework/web/CWebApplication.php(141): CWebApplication->runController('site/login')
#17 /Users/bao/Documents/Projects/Websites/MIH/yii-final-project/framework/base/CApplication.php(185): CWebApplication->processRequest()
#18 /Users/bao/Documents/Projects/Websites/MIH/yii-final-project/mih/index.php(11): CApplication->run()
#19 {main}
REQUEST_URI=/index.php/site/login
HTTP_REFERER=http://local.mihyii/index.php/site/login
---
2019/12/17 06:49:44 [error] [exception.CDbException] CDbException: The table "{{user}}" for active record class "User" cannot be found in the database. in /Users/bao/Documents/Projects/Websites/MIH/yii-final-project/framework/db/ar/CActiveRecord.php:2390
Stack trace:
#0 /Users/bao/Documents/Projects/Websites/MIH/yii-final-project/framework/db/ar/CActiveRecord.php(413): CActiveRecordMetaData->__construct(Object(User))
#1 /Users/bao/Documents/Projects/Websites/MIH/yii-final-project/framework/db/ar/CActiveRecord.php(663): CActiveRecord->getMetaData()
#2 /Users/bao/Documents/Projects/Websites/MIH/yii-final-project/framework/db/ar/CActiveRecord.php(1358): CActiveRecord->getTableSchema()
#3 /Users/bao/Documents/Projects/Websites/MIH/yii-final-project/framework/db/ar/CActiveRecord.php(1464): CActiveRecord->query(Object(CDbCriteria))
#4 /Users/bao/Documents/Projects/Websites/MIH/yii-final-project/mih/protected/components/UserIdentity.php(18): CActiveRecord->find('LOWER(username)...', Array)
#5 /Users/bao/Documents/Projects/Websites/MIH/yii-final-project/mih/protected/models/LoginForm.php(52): UserIdentity->authenticate()
#6 /Users/bao/Documents/Projects/Websites/MIH/yii-final-project/framework/validators/CInlineValidator.php(42): LoginForm->authenticate('password', Array)
#7 /Users/bao/Documents/Projects/Websites/MIH/yii-final-project/framework/validators/CValidator.php(201): CInlineValidator->validateAttribute(Object(LoginForm), 'password')
#8 /Users/bao/Documents/Projects/Websites/MIH/yii-final-project/framework/base/CModel.php(159): CValidator->validate(Object(LoginForm), Array)
#9 /Users/bao/Documents/Projects/Websites/MIH/yii-final-project/mih/protected/controllers/SiteController.php(82): CModel->validate()
#10 /Users/bao/Documents/Projects/Websites/MIH/yii-final-project/framework/web/actions/CInlineAction.php(49): SiteController->actionLogin()
#11 /Users/bao/Documents/Projects/Websites/MIH/yii-final-project/framework/web/CController.php(308): CInlineAction->runWithParams(Array)
#12 /Users/bao/Documents/Projects/Websites/MIH/yii-final-project/framework/web/CController.php(286): CController->runAction(Object(CInlineAction))
#13 /Users/bao/Documents/Projects/Websites/MIH/yii-final-project/framework/web/CController.php(265): CController->runActionWithFilters(Object(CInlineAction), Array)
#14 /Users/bao/Documents/Projects/Websites/MIH/yii-final-project/framework/web/CWebApplication.php(282): CController->run('login')
#15 /Users/bao/Documents/Projects/Websites/MIH/yii-final-project/framework/web/CWebApplication.php(141): CWebApplication->runController('site/login')
#16 /Users/bao/Documents/Projects/Websites/MIH/yii-final-project/framework/base/CApplication.php(185): CWebApplication->processRequest()
#17 /Users/bao/Documents/Projects/Websites/MIH/yii-final-project/mih/index.php(11): CApplication->run()
#18 {main}
REQUEST_URI=/index.php/site/login
HTTP_REFERER=http://local.mihyii/index.php/site/login
---
2019/12/17 07:06:53 [error] [exception.Swift_TransportException] Swift_TransportException: Connection could not be established with host smtp.example.org :stream_socket_client(): php_network_getaddresses: getaddrinfo failed: nodename nor servname provided, or not known in /Users/bao/Documents/Projects/Websites/MIH/yii-final-project/vendor/swiftmailer/swiftmailer/lib/classes/Swift/Transport/StreamBuffer.php:269
Stack trace:
#0 [internal function]: Swift_Transport_StreamBuffer->{closure}(2, 'stream_socket_c...', '/Users/bao/Docu...', 272, Array)
#1 /Users/bao/Documents/Projects/Websites/MIH/yii-final-project/vendor/swiftmailer/swiftmailer/lib/classes/Swift/Transport/StreamBuffer.php(272): stream_socket_client('smtp.example.or...', 0, 'php_network_get...', 30, 4, Resource id #88)
#2 /Users/bao/Documents/Projects/Websites/MIH/yii-final-project/vendor/swiftmailer/swiftmailer/lib/classes/Swift/Transport/StreamBuffer.php(58): Swift_Transport_StreamBuffer->establishSocketConnection()
#3 /Users/bao/Documents/Projects/Websites/MIH/yii-final-project/vendor/swiftmailer/swiftmailer/lib/classes/Swift/Transport/AbstractSmtpTransport.php(143): Swift_Transport_StreamBuffer->initialize(Array)
#4 /Users/bao/Documents/Projects/Websites/MIH/yii-final-project/vendor/swiftmailer/swiftmailer/lib/classes/Swift/Mailer.php(65): Swift_Transport_AbstractSmtpTransport->start()
#5 /Users/bao/Documents/Projects/Websites/MIH/yii-final-project/mih/protected/controllers/SiteController.php(81): Swift_Mailer->send(Object(Swift_Message))
#6 /Users/bao/Documents/Projects/Websites/MIH/yii-final-project/mih/protected/controllers/SiteController.php(50): SiteController->_sendEmail(Array)
#7 /Users/bao/Documents/Projects/Websites/MIH/yii-final-project/framework/web/actions/CInlineAction.php(49): SiteController->actionContact()
#8 /Users/bao/Documents/Projects/Websites/MIH/yii-final-project/framework/web/CController.php(308): CInlineAction->runWithParams(Array)
#9 /Users/bao/Documents/Projects/Websites/MIH/yii-final-project/framework/web/CController.php(286): CController->runAction(Object(CInlineAction))
#10 /Users/bao/Documents/Projects/Websites/MIH/yii-final-project/framework/web/CController.php(265): CController->runActionWithFilters(Object(CInlineAction), Array)
#11 /Users/bao/Documents/Projects/Websites/MIH/yii-final-project/framework/web/CWebApplication.php(282): CController->run('contact')
#12 /Users/bao/Documents/Projects/Websites/MIH/yii-final-project/framework/web/CWebApplication.php(141): CWebApplication->runController('site/contact')
#13 /Users/bao/Documents/Projects/Websites/MIH/yii-final-project/framework/base/CApplication.php(185): CWebApplication->processRequest()
#14 /Users/bao/Documents/Projects/Websites/MIH/yii-final-project/mih/index.php(14): CApplication->run()
#15 {main}
REQUEST_URI=/index.php/site/contact
HTTP_REFERER=http://local.mihyii/index.php/site/contact
---
2020/01/08 03:29:39 [error] [exception.CDbException] SQLSTATE[HY000] [14] unable to open database file
2020/01/08 03:29:39 [error] [exception.CDbException] CDbException: CDbConnection failed to open the DB connection. in /Users/bao/Documents/Projects/Websites/MIH/yii-final-project/framework/db/CDbConnection.php:405
Stack trace:
#0 /Users/bao/Documents/Projects/Websites/MIH/yii-final-project/framework/db/CDbConnection.php(347): CDbConnection->open()
#1 /Users/bao/Documents/Projects/Websites/MIH/yii-final-project/framework/db/CDbConnection.php(325): CDbConnection->setActive(true)
#2 /Users/bao/Documents/Projects/Websites/MIH/yii-final-project/framework/base/CModule.php(394): CDbConnection->init()
#3 /Users/bao/Documents/Projects/Websites/MIH/yii-final-project/framework/base/CApplication.php(459): CModule->getComponent('db')
#4 /Users/bao/Documents/Projects/Websites/MIH/yii-final-project/framework/db/ar/CActiveRecord.php(639): CApplication->getDb()
#5 /Users/bao/Documents/Projects/Websites/MIH/yii-final-project/framework/db/ar/CActiveRecord.php(672): CActiveRecord->getDbConnection()
#6 /Users/bao/Documents/Projects/Websites/MIH/yii-final-project/framework/db/ar/CActiveRecord.php(1604): CActiveRecord->getCommandBuilder()
#7 /Users/bao/Documents/Projects/Websites/MIH/yii-final-project/framework/web/CActiveDataProvider.php(228): CActiveRecord->count(Object(CDbCriteria))
#8 /Users/bao/Documents/Projects/Websites/MIH/yii-final-project/framework/web/CDataProvider.php(224): CActiveDataProvider->calculateTotalItemCount()
#9 /Users/bao/Documents/Projects/Websites/MIH/yii-final-project/framework/web/CActiveDataProvider.php(178): CDataProvider->getTotalItemCount()
#10 /Users/bao/Documents/Projects/Websites/MIH/yii-final-project/framework/web/CDataProvider.php(168): CActiveDataProvider->fetchData()
#11 /Users/bao/Documents/Projects/Websites/MIH/yii-final-project/framework/zii/widgets/CBaseListView.php(125): CDataProvider->getData()
#12 /Users/bao/Documents/Projects/Websites/MIH/yii-final-project/framework/zii/widgets/CListView.php(211): CBaseListView->init()
#13 /Users/bao/Documents/Projects/Websites/MIH/yii-final-project/framework/web/CBaseController.php(147): CListView->init()
#14 /Users/bao/Documents/Projects/Websites/MIH/yii-final-project/framework/web/CBaseController.php(181): CBaseController->createWidget('zii.widgets.CLi...', Array)
#15 /Users/bao/Documents/Projects/Websites/MIH/yii-final-project/mih/themes/makeithappen/views/post/index.php(8): CBaseController->widget('zii.widgets.CLi...', Array)
#16 /Users/bao/Documents/Projects/Websites/MIH/yii-final-project/framework/web/CBaseController.php(126): require('/Users/bao/Docu...')
#17 /Users/bao/Documents/Projects/Websites/MIH/yii-final-project/framework/web/CBaseController.php(95): CBaseController->renderInternal('/Users/bao/Docu...', Array, true)
#18 /Users/bao/Documents/Projects/Websites/MIH/yii-final-project/framework/web/CController.php(872): CBaseController->renderFile('/Users/bao/Docu...', Array, true)
#19 /Users/bao/Documents/Projects/Websites/MIH/yii-final-project/framework/web/CController.php(785): CController->renderPartial('index', Array, true)
#20 /Users/bao/Documents/Projects/Websites/MIH/yii-final-project/mih/protected/controllers/PostController.php(143): CController->render('index', Array)
#21 /Users/bao/Documents/Projects/Websites/MIH/yii-final-project/framework/web/actions/CInlineAction.php(49): PostController->actionIndex()
#22 /Users/bao/Documents/Projects/Websites/MIH/yii-final-project/framework/web/CController.php(308): CInlineAction->runWithParams(Array)
#23 /Users/bao/Documents/Projects/Websites/MIH/yii-final-project/framework/web/filters/CFilterChain.php(134): CController->runAction(Object(CInlineAction))
#24 /Users/bao/Documents/Projects/Websites/MIH/yii-final-project/framework/web/filters/CFilter.php(40): CFilterChain->run()
#25 /Users/bao/Documents/Projects/Websites/MIH/yii-final-project/framework/web/CController.php(1148): CFilter->filter(Object(CFilterChain))
#26 /Users/bao/Documents/Projects/Websites/MIH/yii-final-project/framework/web/filters/CInlineFilter.php(58): CController->filterAccessControl(Object(CFilterChain))
#27 /Users/bao/Documents/Projects/Websites/MIH/yii-final-project/framework/web/filters/CFilterChain.php(131): CInlineFilter->filter(Object(CFilterChain))
#28 /Users/bao/Documents/Projects/Websites/MIH/yii-final-project/framework/web/CController.php(291): CFilterChain->run()
#29 /Users/bao/Documents/Projects/Websites/MIH/yii-final-project/framework/web/CController.php(265): CController->runActionWithFilters(Object(CInlineAction), Array)
#30 /Users/bao/Documents/Projects/Websites/MIH/yii-final-project/framework/web/CWebApplication.php(282): CController->run('')
#31 /Users/bao/Documents/Projects/Websites/MIH/yii-final-project/framework/web/CWebApplication.php(141): CWebApplication->runController('')
#32 /Users/bao/Documents/Projects/Websites/MIH/yii-final-project/framework/base/CApplication.php(185): CWebApplication->processRequest()
#33 /Users/bao/Documents/Projects/Websites/MIH/yii-final-project/mih/index.php(14): CApplication->run()
#34 {main}
REQUEST_URI=/
---
2020/01/08 03:29:42 [error] [exception.CDbException] SQLSTATE[HY000] [14] unable to open database file
2020/01/08 03:29:42 [error] [exception.CDbException] CDbException: CDbConnection failed to open the DB connection. in /Users/bao/Documents/Projects/Websites/MIH/yii-final-project/framework/db/CDbConnection.php:405
Stack trace:
#0 /Users/bao/Documents/Projects/Websites/MIH/yii-final-project/framework/db/CDbConnection.php(347): CDbConnection->open()
#1 /Users/bao/Documents/Projects/Websites/MIH/yii-final-project/framework/db/CDbConnection.php(325): CDbConnection->setActive(true)
#2 /Users/bao/Documents/Projects/Websites/MIH/yii-final-project/framework/base/CModule.php(394): CDbConnection->init()
#3 /Users/bao/Documents/Projects/Websites/MIH/yii-final-project/framework/base/CApplication.php(459): CModule->getComponent('db')
#4 /Users/bao/Documents/Projects/Websites/MIH/yii-final-project/framework/db/ar/CActiveRecord.php(639): CApplication->getDb()
#5 /Users/bao/Documents/Projects/Websites/MIH/yii-final-project/framework/db/ar/CActiveRecord.php(672): CActiveRecord->getDbConnection()
#6 /Users/bao/Documents/Projects/Websites/MIH/yii-final-project/framework/db/ar/CActiveRecord.php(1604): CActiveRecord->getCommandBuilder()
#7 /Users/bao/Documents/Projects/Websites/MIH/yii-final-project/framework/web/CActiveDataProvider.php(228): CActiveRecord->count(Object(CDbCriteria))
#8 /Users/bao/Documents/Projects/Websites/MIH/yii-final-project/framework/web/CDataProvider.php(224): CActiveDataProvider->calculateTotalItemCount()
#9 /Users/bao/Documents/Projects/Websites/MIH/yii-final-project/framework/web/CActiveDataProvider.php(178): CDataProvider->getTotalItemCount()
#10 /Users/bao/Documents/Projects/Websites/MIH/yii-final-project/framework/web/CDataProvider.php(168): CActiveDataProvider->fetchData()
#11 /Users/bao/Documents/Projects/Websites/MIH/yii-final-project/framework/zii/widgets/CBaseListView.php(125): CDataProvider->getData()
#12 /Users/bao/Documents/Projects/Websites/MIH/yii-final-project/framework/zii/widgets/CListView.php(211): CBaseListView->init()
#13 /Users/bao/Documents/Projects/Websites/MIH/yii-final-project/framework/web/CBaseController.php(147): CListView->init()
#14 /Users/bao/Documents/Projects/Websites/MIH/yii-final-project/framework/web/CBaseController.php(181): CBaseController->createWidget('zii.widgets.CLi...', Array)
#15 /Users/bao/Documents/Projects/Websites/MIH/yii-final-project/mih/themes/makeithappen/views/post/index.php(8): CBaseController->widget('zii.widgets.CLi...', Array)
#16 /Users/bao/Documents/Projects/Websites/MIH/yii-final-project/framework/web/CBaseController.php(126): require('/Users/bao/Docu...')
#17 /Users/bao/Documents/Projects/Websites/MIH/yii-final-project/framework/web/CBaseController.php(95): CBaseController->renderInternal('/Users/bao/Docu...', Array, true)
#18 /Users/bao/Documents/Projects/Websites/MIH/yii-final-project/framework/web/CController.php(872): CBaseController->renderFile('/Users/bao/Docu...', Array, true)
#19 /Users/bao/Documents/Projects/Websites/MIH/yii-final-project/framework/web/CController.php(785): CController->renderPartial('index', Array, true)
#20 /Users/bao/Documents/Projects/Websites/MIH/yii-final-project/mih/protected/controllers/PostController.php(143): CController->render('index', Array)
#21 /Users/bao/Documents/Projects/Websites/MIH/yii-final-project/framework/web/actions/CInlineAction.php(49): PostController->actionIndex()
#22 /Users/bao/Documents/Projects/Websites/MIH/yii-final-project/framework/web/CController.php(308): CInlineAction->runWithParams(Array)
#23 /Users/bao/Documents/Projects/Websites/MIH/yii-final-project/framework/web/filters/CFilterChain.php(134): CController->runAction(Object(CInlineAction))
#24 /Users/bao/Documents/Projects/Websites/MIH/yii-final-project/framework/web/filters/CFilter.php(40): CFilterChain->run()
#25 /Users/bao/Documents/Projects/Websites/MIH/yii-final-project/framework/web/CController.php(1148): CFilter->filter(Object(CFilterChain))
#26 /Users/bao/Documents/Projects/Websites/MIH/yii-final-project/framework/web/filters/CInlineFilter.php(58): CController->filterAccessControl(Object(CFilterChain))
#27 /Users/bao/Documents/Projects/Websites/MIH/yii-final-project/framework/web/filters/CFilterChain.php(131): CInlineFilter->filter(Object(CFilterChain))
#28 /Users/bao/Documents/Projects/Websites/MIH/yii-final-project/framework/web/CController.php(291): CFilterChain->run()
#29 /Users/bao/Documents/Projects/Websites/MIH/yii-final-project/framework/web/CController.php(265): CController->runActionWithFilters(Object(CInlineAction), Array)
#30 /Users/bao/Documents/Projects/Websites/MIH/yii-final-project/framework/web/CWebApplication.php(282): CController->run('index')
#31 /Users/bao/Documents/Projects/Websites/MIH/yii-final-project/framework/web/CWebApplication.php(141): CWebApplication->runController('post/index')
#32 /Users/bao/Documents/Projects/Websites/MIH/yii-final-project/framework/base/CApplication.php(185): CWebApplication->processRequest()
#33 /Users/bao/Documents/Projects/Websites/MIH/yii-final-project/mih/index.php(14): CApplication->run()
#34 {main}
REQUEST_URI=/index.php/post/index
HTTP_REFERER=http://local.mihyii.com/
---
2020/01/08 03:30:46 [error] [exception.CDbException] SQLSTATE[HY000] [14] unable to open database file
2020/01/08 03:30:46 [error] [exception.CDbException] CDbException: CDbConnection failed to open the DB connection. in /Users/bao/Documents/Projects/Websites/MIH/yii-final-project/framework/db/CDbConnection.php:405
Stack trace:
#0 /Users/bao/Documents/Projects/Websites/MIH/yii-final-project/framework/db/CDbConnection.php(347): CDbConnection->open()
#1 /Users/bao/Documents/Projects/Websites/MIH/yii-final-project/framework/db/CDbConnection.php(325): CDbConnection->setActive(true)
#2 /Users/bao/Documents/Projects/Websites/MIH/yii-final-project/framework/base/CModule.php(394): CDbConnection->init()
#3 /Users/bao/Documents/Projects/Websites/MIH/yii-final-project/framework/base/CApplication.php(459): CModule->getComponent('db')
#4 /Users/bao/Documents/Projects/Websites/MIH/yii-final-project/framework/db/ar/CActiveRecord.php(639): CApplication->getDb()
#5 /Users/bao/Documents/Projects/Websites/MIH/yii-final-project/framework/db/ar/CActiveRecord.php(672): CActiveRecord->getDbConnection()
#6 /Users/bao/Documents/Projects/Websites/MIH/yii-final-project/framework/db/ar/CActiveRecord.php(1604): CActiveRecord->getCommandBuilder()
#7 /Users/bao/Documents/Projects/Websites/MIH/yii-final-project/framework/web/CActiveDataProvider.php(228): CActiveRecord->count(Object(CDbCriteria))
#8 /Users/bao/Documents/Projects/Websites/MIH/yii-final-project/framework/web/CDataProvider.php(224): CActiveDataProvider->calculateTotalItemCount()
#9 /Users/bao/Documents/Projects/Websites/MIH/yii-final-project/framework/web/CActiveDataProvider.php(178): CDataProvider->getTotalItemCount()
#10 /Users/bao/Documents/Projects/Websites/MIH/yii-final-project/framework/web/CDataProvider.php(168): CActiveDataProvider->fetchData()
#11 /Users/bao/Documents/Projects/Websites/MIH/yii-final-project/framework/zii/widgets/CBaseListView.php(125): CDataProvider->getData()
#12 /Users/bao/Documents/Projects/Websites/MIH/yii-final-project/framework/zii/widgets/CListView.php(211): CBaseListView->init()
#13 /Users/bao/Documents/Projects/Websites/MIH/yii-final-project/framework/web/CBaseController.php(147): CListView->init()
#14 /Users/bao/Documents/Projects/Websites/MIH/yii-final-project/framework/web/CBaseController.php(181): CBaseController->createWidget('zii.widgets.CLi...', Array)
#15 /Users/bao/Documents/Projects/Websites/MIH/yii-final-project/mih/themes/makeithappen/views/post/index.php(8): CBaseController->widget('zii.widgets.CLi...', Array)
#16 /Users/bao/Documents/Projects/Websites/MIH/yii-final-project/framework/web/CBaseController.php(126): require('/Users/bao/Docu...')
#17 /Users/bao/Documents/Projects/Websites/MIH/yii-final-project/framework/web/CBaseController.php(95): CBaseController->renderInternal('/Users/bao/Docu...', Array, true)
#18 /Users/bao/Documents/Projects/Websites/MIH/yii-final-project/framework/web/CController.php(872): CBaseController->renderFile('/Users/bao/Docu...', Array, true)
#19 /Users/bao/Documents/Projects/Websites/MIH/yii-final-project/framework/web/CController.php(785): CController->renderPartial('index', Array, true)
#20 /Users/bao/Documents/Projects/Websites/MIH/yii-final-project/mih/protected/controllers/PostController.php(143): CController->render('index', Array)
#21 /Users/bao/Documents/Projects/Websites/MIH/yii-final-project/framework/web/actions/CInlineAction.php(49): PostController->actionIndex()
#22 /Users/bao/Documents/Projects/Websites/MIH/yii-final-project/framework/web/CController.php(308): CInlineAction->runWithParams(Array)
#23 /Users/bao/Documents/Projects/Websites/MIH/yii-final-project/framework/web/filters/CFilterChain.php(134): CController->runAction(Object(CInlineAction))
#24 /Users/bao/Documents/Projects/Websites/MIH/yii-final-project/framework/web/filters/CFilter.php(40): CFilterChain->run()
#25 /Users/bao/Documents/Projects/Websites/MIH/yii-final-project/framework/web/CController.php(1148): CFilter->filter(Object(CFilterChain))
#26 /Users/bao/Documents/Projects/Websites/MIH/yii-final-project/framework/web/filters/CInlineFilter.php(58): CController->filterAccessControl(Object(CFilterChain))
#27 /Users/bao/Documents/Projects/Websites/MIH/yii-final-project/framework/web/filters/CFilterChain.php(131): CInlineFilter->filter(Object(CFilterChain))
#28 /Users/bao/Documents/Projects/Websites/MIH/yii-final-project/framework/web/CController.php(291): CFilterChain->run()
#29 /Users/bao/Documents/Projects/Websites/MIH/yii-final-project/framework/web/CController.php(265): CController->runActionWithFilters(Object(CInlineAction), Array)
#30 /Users/bao/Documents/Projects/Websites/MIH/yii-final-project/framework/web/CWebApplication.php(282): CController->run('index')
#31 /Users/bao/Documents/Projects/Websites/MIH/yii-final-project/framework/web/CWebApplication.php(141): CWebApplication->runController('post/index')
#32 /Users/bao/Documents/Projects/Websites/MIH/yii-final-project/framework/base/CApplication.php(185): CWebApplication->processRequest()
#33 /Users/bao/Documents/Projects/Websites/MIH/yii-final-project/mih/index.php(14): CApplication->run()
#34 {main}
REQUEST_URI=/index.php/post/index
HTTP_REFERER=http://local.mihyii.com/index.php/site/login
---
2020/01/08 03:31:11 [error] [exception.CDbException] SQLSTATE[HY000] [14] unable to open database file
2020/01/08 03:31:11 [error] [exception.CDbException] CDbException: CDbConnection failed to open the DB connection. in /Users/bao/Documents/Projects/Websites/MIH/yii-final-project/framework/db/CDbConnection.php:405
Stack trace:
#0 /Users/bao/Documents/Projects/Websites/MIH/yii-final-project/framework/db/CDbConnection.php(347): CDbConnection->open()
#1 /Users/bao/Documents/Projects/Websites/MIH/yii-final-project/framework/db/CDbConnection.php(325): CDbConnection->setActive(true)
#2 /Users/bao/Documents/Projects/Websites/MIH/yii-final-project/framework/base/CModule.php(394): CDbConnection->init()
#3 /Users/bao/Documents/Projects/Websites/MIH/yii-final-project/framework/base/CApplication.php(459): CModule->getComponent('db')
#4 /Users/bao/Documents/Projects/Websites/MIH/yii-final-project/framework/db/ar/CActiveRecord.php(639): CApplication->getDb()
#5 /Users/bao/Documents/Projects/Websites/MIH/yii-final-project/framework/db/ar/CActiveRecord.php(672): CActiveRecord->getDbConnection()
#6 /Users/bao/Documents/Projects/Websites/MIH/yii-final-project/framework/db/ar/CActiveRecord.php(1604): CActiveRecord->getCommandBuilder()
#7 /Users/bao/Documents/Projects/Websites/MIH/yii-final-project/framework/web/CActiveDataProvider.php(228): CActiveRecord->count(Object(CDbCriteria))
#8 /Users/bao/Documents/Projects/Websites/MIH/yii-final-project/framework/web/CDataProvider.php(224): CActiveDataProvider->calculateTotalItemCount()
#9 /Users/bao/Documents/Projects/Websites/MIH/yii-final-project/framework/web/CActiveDataProvider.php(178): CDataProvider->getTotalItemCount()
#10 /Users/bao/Documents/Projects/Websites/MIH/yii-final-project/framework/web/CDataProvider.php(168): CActiveDataProvider->fetchData()
#11 /Users/bao/Documents/Projects/Websites/MIH/yii-final-project/framework/zii/widgets/CBaseListView.php(125): CDataProvider->getData()
#12 /Users/bao/Documents/Projects/Websites/MIH/yii-final-project/framework/zii/widgets/CListView.php(211): CBaseListView->init()
#13 /Users/bao/Documents/Projects/Websites/MIH/yii-final-project/framework/web/CBaseController.php(147): CListView->init()
#14 /Users/bao/Documents/Projects/Websites/MIH/yii-final-project/framework/web/CBaseController.php(181): CBaseController->createWidget('zii.widgets.CLi...', Array)
#15 /Users/bao/Documents/Projects/Websites/MIH/yii-final-project/mih/themes/makeithappen/views/post/index.php(8): CBaseController->widget('zii.widgets.CLi...', Array)
#16 /Users/bao/Documents/Projects/Websites/MIH/yii-final-project/framework/web/CBaseController.php(126): require('/Users/bao/Docu...')
#17 /Users/bao/Documents/Projects/Websites/MIH/yii-final-project/framework/web/CBaseController.php(95): CBaseController->renderInternal('/Users/bao/Docu...', Array, true)
#18 /Users/bao/Documents/Projects/Websites/MIH/yii-final-project/framework/web/CController.php(872): CBaseController->renderFile('/Users/bao/Docu...', Array, true)
#19 /Users/bao/Documents/Projects/Websites/MIH/yii-final-project/framework/web/CController.php(785): CController->renderPartial('index', Array, true)
#20 /Users/bao/Documents/Projects/Websites/MIH/yii-final-project/mih/protected/controllers/PostController.php(143): CController->render('index', Array)
#21 /Users/bao/Documents/Projects/Websites/MIH/yii-final-project/framework/web/actions/CInlineAction.php(49): PostController->actionIndex()
#22 /Users/bao/Documents/Projects/Websites/MIH/yii-final-project/framework/web/CController.php(308): CInlineAction->runWithParams(Array)
#23 /Users/bao/Documents/Projects/Websites/MIH/yii-final-project/framework/web/filters/CFilterChain.php(134): CController->runAction(Object(CInlineAction))
#24 /Users/bao/Documents/Projects/Websites/MIH/yii-final-project/framework/web/filters/CFilter.php(40): CFilterChain->run()
#25 /Users/bao/Documents/Projects/Websites/MIH/yii-final-project/framework/web/CController.php(1148): CFilter->filter(Object(CFilterChain))
#26 /Users/bao/Documents/Projects/Websites/MIH/yii-final-project/framework/web/filters/CInlineFilter.php(58): CController->filterAccessControl(Object(CFilterChain))
#27 /Users/bao/Documents/Projects/Websites/MIH/yii-final-project/framework/web/filters/CFilterChain.php(131): CInlineFilter->filter(Object(CFilterChain))
#28 /Users/bao/Documents/Projects/Websites/MIH/yii-final-project/framework/web/CController.php(291): CFilterChain->run()
#29 /Users/bao/Documents/Projects/Websites/MIH/yii-final-project/framework/web/CController.php(265): CController->runActionWithFilters(Object(CInlineAction), Array)
#30 /Users/bao/Documents/Projects/Websites/MIH/yii-final-project/framework/web/CWebApplication.php(282): CController->run('index')
#31 /Users/bao/Documents/Projects/Websites/MIH/yii-final-project/framework/web/CWebApplication.php(141): CWebApplication->runController('post/index')
#32 /Users/bao/Documents/Projects/Websites/MIH/yii-final-project/framework/base/CApplication.php(185): CWebApplication->processRequest()
#33 /Users/bao/Documents/Projects/Websites/MIH/yii-final-project/mih/index.php(14): CApplication->run()
#34 {main}
REQUEST_URI=/index.php/post/index
HTTP_REFERER=http://local.mihyii.com/index.php/site/login
---
2020/01/08 03:31:12 [error] [exception.CDbException] SQLSTATE[HY000] [14] unable to open database file
2020/01/08 03:31:12 [error] [exception.CDbException] CDbException: CDbConnection failed to open the DB connection. in /Users/bao/Documents/Projects/Websites/MIH/yii-final-project/framework/db/CDbConnection.php:405
Stack trace:
#0 /Users/bao/Documents/Projects/Websites/MIH/yii-final-project/framework/db/CDbConnection.php(347): CDbConnection->open()
#1 /Users/bao/Documents/Projects/Websites/MIH/yii-final-project/framework/db/CDbConnection.php(325): CDbConnection->setActive(true)
#2 /Users/bao/Documents/Projects/Websites/MIH/yii-final-project/framework/base/CModule.php(394): CDbConnection->init()
#3 /Users/bao/Documents/Projects/Websites/MIH/yii-final-project/framework/base/CApplication.php(459): CModule->getComponent('db')
#4 /Users/bao/Documents/Projects/Websites/MIH/yii-final-project/framework/db/ar/CActiveRecord.php(639): CApplication->getDb()
#5 /Users/bao/Documents/Projects/Websites/MIH/yii-final-project/framework/db/ar/CActiveRecord.php(672): CActiveRecord->getDbConnection()
#6 /Users/bao/Documents/Projects/Websites/MIH/yii-final-project/framework/db/ar/CActiveRecord.php(1604): CActiveRecord->getCommandBuilder()
#7 /Users/bao/Documents/Projects/Websites/MIH/yii-final-project/framework/web/CActiveDataProvider.php(228): CActiveRecord->count(Object(CDbCriteria))
#8 /Users/bao/Documents/Projects/Websites/MIH/yii-final-project/framework/web/CDataProvider.php(224): CActiveDataProvider->calculateTotalItemCount()
#9 /Users/bao/Documents/Projects/Websites/MIH/yii-final-project/framework/web/CActiveDataProvider.php(178): CDataProvider->getTotalItemCount()
#10 /Users/bao/Documents/Projects/Websites/MIH/yii-final-project/framework/web/CDataProvider.php(168): CActiveDataProvider->fetchData()
#11 /Users/bao/Documents/Projects/Websites/MIH/yii-final-project/framework/zii/widgets/CBaseListView.php(125): CDataProvider->getData()
#12 /Users/bao/Documents/Projects/Websites/MIH/yii-final-project/framework/zii/widgets/CListView.php(211): CBaseListView->init()
#13 /Users/bao/Documents/Projects/Websites/MIH/yii-final-project/framework/web/CBaseController.php(147): CListView->init()
#14 /Users/bao/Documents/Projects/Websites/MIH/yii-final-project/framework/web/CBaseController.php(181): CBaseController->createWidget('zii.widgets.CLi...', Array)
#15 /Users/bao/Documents/Projects/Websites/MIH/yii-final-project/mih/themes/makeithappen/views/post/index.php(8): CBaseController->widget('zii.widgets.CLi...', Array)
#16 /Users/bao/Documents/Projects/Websites/MIH/yii-final-project/framework/web/CBaseController.php(126): require('/Users/bao/Docu...')
#17 /Users/bao/Documents/Projects/Websites/MIH/yii-final-project/framework/web/CBaseController.php(95): CBaseController->renderInternal('/Users/bao/Docu...', Array, true)
#18 /Users/bao/Documents/Projects/Websites/MIH/yii-final-project/framework/web/CController.php(872): CBaseController->renderFile('/Users/bao/Docu...', Array, true)
#19 /Users/bao/Documents/Projects/Websites/MIH/yii-final-project/framework/web/CController.php(785): CController->renderPartial('index', Array, true)
#20 /Users/bao/Documents/Projects/Websites/MIH/yii-final-project/mih/protected/controllers/PostController.php(143): CController->render('index', Array)
#21 /Users/bao/Documents/Projects/Websites/MIH/yii-final-project/framework/web/actions/CInlineAction.php(49): PostController->actionIndex()
#22 /Users/bao/Documents/Projects/Websites/MIH/yii-final-project/framework/web/CController.php(308): CInlineAction->runWithParams(Array)
#23 /Users/bao/Documents/Projects/Websites/MIH/yii-final-project/framework/web/filters/CFilterChain.php(134): CController->runAction(Object(CInlineAction))
#24 /Users/bao/Documents/Projects/Websites/MIH/yii-final-project/framework/web/filters/CFilter.php(40): CFilterChain->run()
#25 /Users/bao/Documents/Projects/Websites/MIH/yii-final-project/framework/web/CController.php(1148): CFilter->filter(Object(CFilterChain))
#26 /Users/bao/Documents/Projects/Websites/MIH/yii-final-project/framework/web/filters/CInlineFilter.php(58): CController->filterAccessControl(Object(CFilterChain))
#27 /Users/bao/Documents/Projects/Websites/MIH/yii-final-project/framework/web/filters/CFilterChain.php(131): CInlineFilter->filter(Object(CFilterChain))
#28 /Users/bao/Documents/Projects/Websites/MIH/yii-final-project/framework/web/CController.php(291): CFilterChain->run()
#29 /Users/bao/Documents/Projects/Websites/MIH/yii-final-project/framework/web/CController.php(265): CController->runActionWithFilters(Object(CInlineAction), Array)
#30 /Users/bao/Documents/Projects/Websites/MIH/yii-final-project/framework/web/CWebApplication.php(282): CController->run('index')
#31 /Users/bao/Documents/Projects/Websites/MIH/yii-final-project/framework/web/CWebApplication.php(141): CWebApplication->runController('post/index')
#32 /Users/bao/Documents/Projects/Websites/MIH/yii-final-project/framework/base/CApplication.php(185): CWebApplication->processRequest()
#33 /Users/bao/Documents/Projects/Websites/MIH/yii-final-project/mih/index.php(14): CApplication->run()
#34 {main}
REQUEST_URI=/index.php/post/index
HTTP_REFERER=http://local.mihyii.com/index.php/site/login
---
2020/01/08 03:31:15 [error] [exception.CDbException] SQLSTATE[HY000] [14] unable to open database file
2020/01/08 03:31:15 [error] [exception.CDbException] CDbException: CDbConnection failed to open the DB connection. in /Users/bao/Documents/Projects/Websites/MIH/yii-final-project/framework/db/CDbConnection.php:405
Stack trace:
#0 /Users/bao/Documents/Projects/Websites/MIH/yii-final-project/framework/db/CDbConnection.php(347): CDbConnection->open()
#1 /Users/bao/Documents/Projects/Websites/MIH/yii-final-project/framework/db/CDbConnection.php(325): CDbConnection->setActive(true)
#2 /Users/bao/Documents/Projects/Websites/MIH/yii-final-project/framework/base/CModule.php(394): CDbConnection->init()
#3 /Users/bao/Documents/Projects/Websites/MIH/yii-final-project/framework/base/CApplication.php(459): CModule->getComponent('db')
#4 /Users/bao/Documents/Projects/Websites/MIH/yii-final-project/framework/db/ar/CActiveRecord.php(639): CApplication->getDb()
#5 /Users/bao/Documents/Projects/Websites/MIH/yii-final-project/framework/db/ar/CActiveRecord.php(672): CActiveRecord->getDbConnection()
#6 /Users/bao/Documents/Projects/Websites/MIH/yii-final-project/framework/db/ar/CActiveRecord.php(1604): CActiveRecord->getCommandBuilder()
#7 /Users/bao/Documents/Projects/Websites/MIH/yii-final-project/framework/web/CActiveDataProvider.php(228): CActiveRecord->count(Object(CDbCriteria))
#8 /Users/bao/Documents/Projects/Websites/MIH/yii-final-project/framework/web/CDataProvider.php(224): CActiveDataProvider->calculateTotalItemCount()
#9 /Users/bao/Documents/Projects/Websites/MIH/yii-final-project/framework/web/CActiveDataProvider.php(178): CDataProvider->getTotalItemCount()
#10 /Users/bao/Documents/Projects/Websites/MIH/yii-final-project/framework/web/CDataProvider.php(168): CActiveDataProvider->fetchData()
#11 /Users/bao/Documents/Projects/Websites/MIH/yii-final-project/framework/zii/widgets/CBaseListView.php(125): CDataProvider->getData()
#12 /Users/bao/Documents/Projects/Websites/MIH/yii-final-project/framework/zii/widgets/CListView.php(211): CBaseListView->init()
#13 /Users/bao/Documents/Projects/Websites/MIH/yii-final-project/framework/web/CBaseController.php(147): CListView->init()
#14 /Users/bao/Documents/Projects/Websites/MIH/yii-final-project/framework/web/CBaseController.php(181): CBaseController->createWidget('zii.widgets.CLi...', Array)
#15 /Users/bao/Documents/Projects/Websites/MIH/yii-final-project/mih/themes/makeithappen/views/post/index.php(8): CBaseController->widget('zii.widgets.CLi...', Array)
#16 /Users/bao/Documents/Projects/Websites/MIH/yii-final-project/framework/web/CBaseController.php(126): require('/Users/bao/Docu...')
#17 /Users/bao/Documents/Projects/Websites/MIH/yii-final-project/framework/web/CBaseController.php(95): CBaseController->renderInternal('/Users/bao/Docu...', Array, true)
#18 /Users/bao/Documents/Projects/Websites/MIH/yii-final-project/framework/web/CController.php(872): CBaseController->renderFile('/Users/bao/Docu...', Array, true)
#19 /Users/bao/Documents/Projects/Websites/MIH/yii-final-project/framework/web/CController.php(785): CController->renderPartial('index', Array, true)
#20 /Users/bao/Documents/Projects/Websites/MIH/yii-final-project/mih/protected/controllers/PostController.php(143): CController->render('index', Array)
#21 /Users/bao/Documents/Projects/Websites/MIH/yii-final-project/framework/web/actions/CInlineAction.php(49): PostController->actionIndex()
#22 /Users/bao/Documents/Projects/Websites/MIH/yii-final-project/framework/web/CController.php(308): CInlineAction->runWithParams(Array)
#23 /Users/bao/Documents/Projects/Websites/MIH/yii-final-project/framework/web/filters/CFilterChain.php(134): CController->runAction(Object(CInlineAction))
#24 /Users/bao/Documents/Projects/Websites/MIH/yii-final-project/framework/web/filters/CFilter.php(40): CFilterChain->run()
#25 /Users/bao/Documents/Projects/Websites/MIH/yii-final-project/framework/web/CController.php(1148): CFilter->filter(Object(CFilterChain))
#26 /Users/bao/Documents/Projects/Websites/MIH/yii-final-project/framework/web/filters/CInlineFilter.php(58): CController->filterAccessControl(Object(CFilterChain))
#27 /Users/bao/Documents/Projects/Websites/MIH/yii-final-project/framework/web/filters/CFilterChain.php(131): CInlineFilter->filter(Object(CFilterChain))
#28 /Users/bao/Documents/Projects/Websites/MIH/yii-final-project/framework/web/CController.php(291): CFilterChain->run()
#29 /Users/bao/Documents/Projects/Websites/MIH/yii-final-project/framework/web/CController.php(265): CController->runActionWithFilters(Object(CInlineAction), Array)
#30 /Users/bao/Documents/Projects/Websites/MIH/yii-final-project/framework/web/CWebApplication.php(282): CController->run('index')
#31 /Users/bao/Documents/Projects/Websites/MIH/yii-final-project/framework/web/CWebApplication.php(141): CWebApplication->runController('post/index')
#32 /Users/bao/Documents/Projects/Websites/MIH/yii-final-project/framework/base/CApplication.php(185): CWebApplication->processRequest()
#33 /Users/bao/Documents/Projects/Websites/MIH/yii-final-project/mih/index.php(14): CApplication->run()
#34 {main}
REQUEST_URI=/index.php/post/index
HTTP_REFERER=http://local.mihyii.com/index.php/site/login
---
2020/01/08 03:31:18 [error] [exception.CDbException] SQLSTATE[HY000] [14] unable to open database file
2020/01/08 03:31:18 [error] [exception.CDbException] CDbException: CDbConnection failed to open the DB connection. in /Users/bao/Documents/Projects/Websites/MIH/yii-final-project/framework/db/CDbConnection.php:405
Stack trace:
#0 /Users/bao/Documents/Projects/Websites/MIH/yii-final-project/framework/db/CDbConnection.php(347): CDbConnection->open()
#1 /Users/bao/Documents/Projects/Websites/MIH/yii-final-project/framework/db/CDbConnection.php(325): CDbConnection->setActive(true)
#2 /Users/bao/Documents/Projects/Websites/MIH/yii-final-project/framework/base/CModule.php(394): CDbConnection->init()
#3 /Users/bao/Documents/Projects/Websites/MIH/yii-final-project/framework/base/CApplication.php(459): CModule->getComponent('db')
#4 /Users/bao/Documents/Projects/Websites/MIH/yii-final-project/framework/db/ar/CActiveRecord.php(639): CApplication->getDb()
#5 /Users/bao/Documents/Projects/Websites/MIH/yii-final-project/framework/db/ar/CActiveRecord.php(672): CActiveRecord->getDbConnection()
#6 /Users/bao/Documents/Projects/Websites/MIH/yii-final-project/framework/db/ar/CActiveRecord.php(1604): CActiveRecord->getCommandBuilder()
#7 /Users/bao/Documents/Projects/Websites/MIH/yii-final-project/framework/web/CActiveDataProvider.php(228): CActiveRecord->count(Object(CDbCriteria))
#8 /Users/bao/Documents/Projects/Websites/MIH/yii-final-project/framework/web/CDataProvider.php(224): CActiveDataProvider->calculateTotalItemCount()
#9 /Users/bao/Documents/Projects/Websites/MIH/yii-final-project/framework/web/CActiveDataProvider.php(178): CDataProvider->getTotalItemCount()
#10 /Users/bao/Documents/Projects/Websites/MIH/yii-final-project/framework/web/CDataProvider.php(168): CActiveDataProvider->fetchData()
#11 /Users/bao/Documents/Projects/Websites/MIH/yii-final-project/framework/zii/widgets/CBaseListView.php(125): CDataProvider->getData()
#12 /Users/bao/Documents/Projects/Websites/MIH/yii-final-project/framework/zii/widgets/CListView.php(211): CBaseListView->init()
#13 /Users/bao/Documents/Projects/Websites/MIH/yii-final-project/framework/web/CBaseController.php(147): CListView->init()
#14 /Users/bao/Documents/Projects/Websites/MIH/yii-final-project/framework/web/CBaseController.php(181): CBaseController->createWidget('zii.widgets.CLi...', Array)
#15 /Users/bao/Documents/Projects/Websites/MIH/yii-final-project/mih/themes/makeithappen/views/post/index.php(8): CBaseController->widget('zii.widgets.CLi...', Array)
#16 /Users/bao/Documents/Projects/Websites/MIH/yii-final-project/framework/web/CBaseController.php(126): require('/Users/bao/Docu...')
#17 /Users/bao/Documents/Projects/Websites/MIH/yii-final-project/framework/web/CBaseController.php(95): CBaseController->renderInternal('/Users/bao/Docu...', Array, true)
#18 /Users/bao/Documents/Projects/Websites/MIH/yii-final-project/framework/web/CController.php(872): CBaseController->renderFile('/Users/bao/Docu...', Array, true)
#19 /Users/bao/Documents/Projects/Websites/MIH/yii-final-project/framework/web/CController.php(785): CController->renderPartial('index', Array, true)
#20 /Users/bao/Documents/Projects/Websites/MIH/yii-final-project/mih/protected/controllers/PostController.php(143): CController->render('index', Array)
#21 /Users/bao/Documents/Projects/Websites/MIH/yii-final-project/framework/web/actions/CInlineAction.php(49): PostController->actionIndex()
#22 /Users/bao/Documents/Projects/Websites/MIH/yii-final-project/framework/web/CController.php(308): CInlineAction->runWithParams(Array)
#23 /Users/bao/Documents/Projects/Websites/MIH/yii-final-project/framework/web/filters/CFilterChain.php(134): CController->runAction(Object(CInlineAction))
#24 /Users/bao/Documents/Projects/Websites/MIH/yii-final-project/framework/web/filters/CFilter.php(40): CFilterChain->run()
#25 /Users/bao/Documents/Projects/Websites/MIH/yii-final-project/framework/web/CController.php(1148): CFilter->filter(Object(CFilterChain))
#26 /Users/bao/Documents/Projects/Websites/MIH/yii-final-project/framework/web/filters/CInlineFilter.php(58): CController->filterAccessControl(Object(CFilterChain))
#27 /Users/bao/Documents/Projects/Websites/MIH/yii-final-project/framework/web/filters/CFilterChain.php(131): CInlineFilter->filter(Object(CFilterChain))
#28 /Users/bao/Documents/Projects/Websites/MIH/yii-final-project/framework/web/CController.php(291): CFilterChain->run()
#29 /Users/bao/Documents/Projects/Websites/MIH/yii-final-project/framework/web/CController.php(265): CController->runActionWithFilters(Object(CInlineAction), Array)
#30 /Users/bao/Documents/Projects/Websites/MIH/yii-final-project/framework/web/CWebApplication.php(282): CController->run('index')
#31 /Users/bao/Documents/Projects/Websites/MIH/yii-final-project/framework/web/CWebApplication.php(141): CWebApplication->runController('post/index')
#32 /Users/bao/Documents/Projects/Websites/MIH/yii-final-project/framework/base/CApplication.php(185): CWebApplication->processRequest()
#33 /Users/bao/Documents/Projects/Websites/MIH/yii-final-project/mih/index.php(14): CApplication->run()
#34 {main}
REQUEST_URI=/index.php/post/index
HTTP_REFERER=http://local.mihyii.com/index.php/site/login
---
2020/01/08 03:31:19 [error] [exception.CDbException] SQLSTATE[HY000] [14] unable to open database file
2020/01/08 03:31:19 [error] [exception.CDbException] CDbException: CDbConnection failed to open the DB connection. in /Users/bao/Documents/Projects/Websites/MIH/yii-final-project/framework/db/CDbConnection.php:405
Stack trace:
#0 /Users/bao/Documents/Projects/Websites/MIH/yii-final-project/framework/db/CDbConnection.php(347): CDbConnection->open()
#1 /Users/bao/Documents/Projects/Websites/MIH/yii-final-project/framework/db/CDbConnection.php(325): CDbConnection->setActive(true)
#2 /Users/bao/Documents/Projects/Websites/MIH/yii-final-project/framework/base/CModule.php(394): CDbConnection->init()
#3 /Users/bao/Documents/Projects/Websites/MIH/yii-final-project/framework/base/CApplication.php(459): CModule->getComponent('db')
#4 /Users/bao/Documents/Projects/Websites/MIH/yii-final-project/framework/db/ar/CActiveRecord.php(639): CApplication->getDb()
#5 /Users/bao/Documents/Projects/Websites/MIH/yii-final-project/framework/db/ar/CActiveRecord.php(672): CActiveRecord->getDbConnection()
#6 /Users/bao/Documents/Projects/Websites/MIH/yii-final-project/framework/db/ar/CActiveRecord.php(1604): CActiveRecord->getCommandBuilder()
#7 /Users/bao/Documents/Projects/Websites/MIH/yii-final-project/framework/web/CActiveDataProvider.php(228): CActiveRecord->count(Object(CDbCriteria))
#8 /Users/bao/Documents/Projects/Websites/MIH/yii-final-project/framework/web/CDataProvider.php(224): CActiveDataProvider->calculateTotalItemCount()
#9 /Users/bao/Documents/Projects/Websites/MIH/yii-final-project/framework/web/CActiveDataProvider.php(178): CDataProvider->getTotalItemCount()
#10 /Users/bao/Documents/Projects/Websites/MIH/yii-final-project/framework/web/CDataProvider.php(168): CActiveDataProvider->fetchData()
#11 /Users/bao/Documents/Projects/Websites/MIH/yii-final-project/framework/zii/widgets/CBaseListView.php(125): CDataProvider->getData()
#12 /Users/bao/Documents/Projects/Websites/MIH/yii-final-project/framework/zii/widgets/CListView.php(211): CBaseListView->init()
#13 /Users/bao/Documents/Projects/Websites/MIH/yii-final-project/framework/web/CBaseController.php(147): CListView->init()
#14 /Users/bao/Documents/Projects/Websites/MIH/yii-final-project/framework/web/CBaseController.php(181): CBaseController->createWidget('zii.widgets.CLi...', Array)
#15 /Users/bao/Documents/Projects/Websites/MIH/yii-final-project/mih/themes/makeithappen/views/post/index.php(8): CBaseController->widget('zii.widgets.CLi...', Array)
#16 /Users/bao/Documents/Projects/Websites/MIH/yii-final-project/framework/web/CBaseController.php(126): require('/Users/bao/Docu...')
#17 /Users/bao/Documents/Projects/Websites/MIH/yii-final-project/framework/web/CBaseController.php(95): CBaseController->renderInternal('/Users/bao/Docu...', Array, true)
#18 /Users/bao/Documents/Projects/Websites/MIH/yii-final-project/framework/web/CController.php(872): CBaseController->renderFile('/Users/bao/Docu...', Array, true)
#19 /Users/bao/Documents/Projects/Websites/MIH/yii-final-project/framework/web/CController.php(785): CController->renderPartial('index', Array, true)
#20 /Users/bao/Documents/Projects/Websites/MIH/yii-final-project/mih/protected/controllers/PostController.php(143): CController->render('index', Array)
#21 /Users/bao/Documents/Projects/Websites/MIH/yii-final-project/framework/web/actions/CInlineAction.php(49): PostController->actionIndex()
#22 /Users/bao/Documents/Projects/Websites/MIH/yii-final-project/framework/web/CController.php(308): CInlineAction->runWithParams(Array)
#23 /Users/bao/Documents/Projects/Websites/MIH/yii-final-project/framework/web/filters/CFilterChain.php(134): CController->runAction(Object(CInlineAction))
#24 /Users/bao/Documents/Projects/Websites/MIH/yii-final-project/framework/web/filters/CFilter.php(40): CFilterChain->run()
#25 /Users/bao/Documents/Projects/Websites/MIH/yii-final-project/framework/web/CController.php(1148): CFilter->filter(Object(CFilterChain))
#26 /Users/bao/Documents/Projects/Websites/MIH/yii-final-project/framework/web/filters/CInlineFilter.php(58): CController->filterAccessControl(Object(CFilterChain))
#27 /Users/bao/Documents/Projects/Websites/MIH/yii-final-project/framework/web/filters/CFilterChain.php(131): CInlineFilter->filter(Object(CFilterChain))
#28 /Users/bao/Documents/Projects/Websites/MIH/yii-final-project/framework/web/CController.php(291): CFilterChain->run()
#29 /Users/bao/Documents/Projects/Websites/MIH/yii-final-project/framework/web/CController.php(265): CController->runActionWithFilters(Object(CInlineAction), Array)
#30 /Users/bao/Documents/Projects/Websites/MIH/yii-final-project/framework/web/CWebApplication.php(282): CController->run('index')
#31 /Users/bao/Documents/Projects/Websites/MIH/yii-final-project/framework/web/CWebApplication.php(141): CWebApplication->runController('post/index')
#32 /Users/bao/Documents/Projects/Websites/MIH/yii-final-project/framework/base/CApplication.php(185): CWebApplication->processRequest()
#33 /Users/bao/Documents/Projects/Websites/MIH/yii-final-project/mih/index.php(14): CApplication->run()
#34 {main}
REQUEST_URI=/index.php/post/index
HTTP_REFERER=http://local.mihyii.com/index.php/post/index
---
2020/01/08 03:31:20 [error] [exception.CDbException] SQLSTATE[HY000] [14] unable to open database file
2020/01/08 03:31:20 [error] [exception.CDbException] CDbException: CDbConnection failed to open the DB connection. in /Users/bao/Documents/Projects/Websites/MIH/yii-final-project/framework/db/CDbConnection.php:405
Stack trace:
#0 /Users/bao/Documents/Projects/Websites/MIH/yii-final-project/framework/db/CDbConnection.php(347): CDbConnection->open()
#1 /Users/bao/Documents/Projects/Websites/MIH/yii-final-project/framework/db/CDbConnection.php(325): CDbConnection->setActive(true)
#2 /Users/bao/Documents/Projects/Websites/MIH/yii-final-project/framework/base/CModule.php(394): CDbConnection->init()
#3 /Users/bao/Documents/Projects/Websites/MIH/yii-final-project/framework/base/CApplication.php(459): CModule->getComponent('db')
#4 /Users/bao/Documents/Projects/Websites/MIH/yii-final-project/framework/db/ar/CActiveRecord.php(639): CApplication->getDb()
#5 /Users/bao/Documents/Projects/Websites/MIH/yii-final-project/framework/db/ar/CActiveRecord.php(672): CActiveRecord->getDbConnection()
#6 /Users/bao/Documents/Projects/Websites/MIH/yii-final-project/framework/db/ar/CActiveRecord.php(1604): CActiveRecord->getCommandBuilder()
#7 /Users/bao/Documents/Projects/Websites/MIH/yii-final-project/framework/web/CActiveDataProvider.php(228): CActiveRecord->count(Object(CDbCriteria))
#8 /Users/bao/Documents/Projects/Websites/MIH/yii-final-project/framework/web/CDataProvider.php(224): CActiveDataProvider->calculateTotalItemCount()
#9 /Users/bao/Documents/Projects/Websites/MIH/yii-final-project/framework/web/CActiveDataProvider.php(178): CDataProvider->getTotalItemCount()
#10 /Users/bao/Documents/Projects/Websites/MIH/yii-final-project/framework/web/CDataProvider.php(168): CActiveDataProvider->fetchData()
#11 /Users/bao/Documents/Projects/Websites/MIH/yii-final-project/framework/zii/widgets/CBaseListView.php(125): CDataProvider->getData()
#12 /Users/bao/Documents/Projects/Websites/MIH/yii-final-project/framework/zii/widgets/CListView.php(211): CBaseListView->init()
#13 /Users/bao/Documents/Projects/Websites/MIH/yii-final-project/framework/web/CBaseController.php(147): CListView->init()
#14 /Users/bao/Documents/Projects/Websites/MIH/yii-final-project/framework/web/CBaseController.php(181): CBaseController->createWidget('zii.widgets.CLi...', Array)
#15 /Users/bao/Documents/Projects/Websites/MIH/yii-final-project/mih/themes/makeithappen/views/post/index.php(8): CBaseController->widget('zii.widgets.CLi...', Array)
#16 /Users/bao/Documents/Projects/Websites/MIH/yii-final-project/framework/web/CBaseController.php(126): require('/Users/bao/Docu...')
#17 /Users/bao/Documents/Projects/Websites/MIH/yii-final-project/framework/web/CBaseController.php(95): CBaseController->renderInternal('/Users/bao/Docu...', Array, true)
#18 /Users/bao/Documents/Projects/Websites/MIH/yii-final-project/framework/web/CController.php(872): CBaseController->renderFile('/Users/bao/Docu...', Array, true)
#19 /Users/bao/Documents/Projects/Websites/MIH/yii-final-project/framework/web/CController.php(785): CController->renderPartial('index', Array, true)
#20 /Users/bao/Documents/Projects/Websites/MIH/yii-final-project/mih/protected/controllers/PostController.php(143): CController->render('index', Array)
#21 /Users/bao/Documents/Projects/Websites/MIH/yii-final-project/framework/web/actions/CInlineAction.php(49): PostController->actionIndex()
#22 /Users/bao/Documents/Projects/Websites/MIH/yii-final-project/framework/web/CController.php(308): CInlineAction->runWithParams(Array)
#23 /Users/bao/Documents/Projects/Websites/MIH/yii-final-project/framework/web/filters/CFilterChain.php(134): CController->runAction(Object(CInlineAction))
#24 /Users/bao/Documents/Projects/Websites/MIH/yii-final-project/framework/web/filters/CFilter.php(40): CFilterChain->run()
#25 /Users/bao/Documents/Projects/Websites/MIH/yii-final-project/framework/web/CController.php(1148): CFilter->filter(Object(CFilterChain))
#26 /Users/bao/Documents/Projects/Websites/MIH/yii-final-project/framework/web/filters/CInlineFilter.php(58): CController->filterAccessControl(Object(CFilterChain))
#27 /Users/bao/Documents/Projects/Websites/MIH/yii-final-project/framework/web/filters/CFilterChain.php(131): CInlineFilter->filter(Object(CFilterChain))
#28 /Users/bao/Documents/Projects/Websites/MIH/yii-final-project/framework/web/CController.php(291): CFilterChain->run()
#29 /Users/bao/Documents/Projects/Websites/MIH/yii-final-project/framework/web/CController.php(265): CController->runActionWithFilters(Object(CInlineAction), Array)
#30 /Users/bao/Documents/Projects/Websites/MIH/yii-final-project/framework/web/CWebApplication.php(282): CController->run('index')
#31 /Users/bao/Documents/Projects/Websites/MIH/yii-final-project/framework/web/CWebApplication.php(141): CWebApplication->runController('post/index')
#32 /Users/bao/Documents/Projects/Websites/MIH/yii-final-project/framework/base/CApplication.php(185): CWebApplication->processRequest()
#33 /Users/bao/Documents/Projects/Websites/MIH/yii-final-project/mih/index.php(14): CApplication->run()
#34 {main}
REQUEST_URI=/index.php/post/index
HTTP_REFERER=http://local.mihyii.com/index.php/post/index
---
2020/01/08 03:32:04 [error] [exception.CDbException] SQLSTATE[HY000] [14] unable to open database file
2020/01/08 03:32:04 [error] [exception.CDbException] CDbException: CDbConnection failed to open the DB connection. in /Users/bao/Documents/Projects/Websites/MIH/yii-final-project/framework/db/CDbConnection.php:405
Stack trace:
#0 /Users/bao/Documents/Projects/Websites/MIH/yii-final-project/framework/db/CDbConnection.php(347): CDbConnection->open()
#1 /Users/bao/Documents/Projects/Websites/MIH/yii-final-project/framework/db/CDbConnection.php(325): CDbConnection->setActive(true)
#2 /Users/bao/Documents/Projects/Websites/MIH/yii-final-project/framework/base/CModule.php(394): CDbConnection->init()
#3 /Users/bao/Documents/Projects/Websites/MIH/yii-final-project/framework/base/CApplication.php(459): CModule->getComponent('db')
#4 /Users/bao/Documents/Projects/Websites/MIH/yii-final-project/framework/db/ar/CActiveRecord.php(639): CApplication->getDb()
#5 /Users/bao/Documents/Projects/Websites/MIH/yii-final-project/framework/db/ar/CActiveRecord.php(672): CActiveRecord->getDbConnection()
#6 /Users/bao/Documents/Projects/Websites/MIH/yii-final-project/framework/db/ar/CActiveRecord.php(1604): CActiveRecord->getCommandBuilder()
#7 /Users/bao/Documents/Projects/Websites/MIH/yii-final-project/framework/web/CActiveDataProvider.php(228): CActiveRecord->count(Object(CDbCriteria))
#8 /Users/bao/Documents/Projects/Websites/MIH/yii-final-project/framework/web/CDataProvider.php(224): CActiveDataProvider->calculateTotalItemCount()
#9 /Users/bao/Documents/Projects/Websites/MIH/yii-final-project/framework/web/CActiveDataProvider.php(178): CDataProvider->getTotalItemCount()
#10 /Users/bao/Documents/Projects/Websites/MIH/yii-final-project/framework/web/CDataProvider.php(168): CActiveDataProvider->fetchData()
#11 /Users/bao/Documents/Projects/Websites/MIH/yii-final-project/framework/zii/widgets/CBaseListView.php(125): CDataProvider->getData()
#12 /Users/bao/Documents/Projects/Websites/MIH/yii-final-project/framework/zii/widgets/CListView.php(211): CBaseListView->init()
#13 /Users/bao/Documents/Projects/Websites/MIH/yii-final-project/framework/web/CBaseController.php(147): CListView->init()
#14 /Users/bao/Documents/Projects/Websites/MIH/yii-final-project/framework/web/CBaseController.php(181): CBaseController->createWidget('zii.widgets.CLi...', Array)
#15 /Users/bao/Documents/Projects/Websites/MIH/yii-final-project/mih/themes/makeithappen/views/post/index.php(8): CBaseController->widget('zii.widgets.CLi...', Array)
#16 /Users/bao/Documents/Projects/Websites/MIH/yii-final-project/framework/web/CBaseController.php(126): require('/Users/bao/Docu...')
#17 /Users/bao/Documents/Projects/Websites/MIH/yii-final-project/framework/web/CBaseController.php(95): CBaseController->renderInternal('/Users/bao/Docu...', Array, true)
#18 /Users/bao/Documents/Projects/Websites/MIH/yii-final-project/framework/web/CController.php(872): CBaseController->renderFile('/Users/bao/Docu...', Array, true)
#19 /Users/bao/Documents/Projects/Websites/MIH/yii-final-project/framework/web/CController.php(785): CController->renderPartial('index', Array, true)
#20 /Users/bao/Documents/Projects/Websites/MIH/yii-final-project/mih/protected/controllers/PostController.php(143): CController->render('index', Array)
#21 /Users/bao/Documents/Projects/Websites/MIH/yii-final-project/framework/web/actions/CInlineAction.php(49): PostController->actionIndex()
#22 /Users/bao/Documents/Projects/Websites/MIH/yii-final-project/framework/web/CController.php(308): CInlineAction->runWithParams(Array)
#23 /Users/bao/Documents/Projects/Websites/MIH/yii-final-project/framework/web/filters/CFilterChain.php(134): CController->runAction(Object(CInlineAction))
#24 /Users/bao/Documents/Projects/Websites/MIH/yii-final-project/framework/web/filters/CFilter.php(40): CFilterChain->run()
#25 /Users/bao/Documents/Projects/Websites/MIH/yii-final-project/framework/web/CController.php(1148): CFilter->filter(Object(CFilterChain))
#26 /Users/bao/Documents/Projects/Websites/MIH/yii-final-project/framework/web/filters/CInlineFilter.php(58): CController->filterAccessControl(Object(CFilterChain))
#27 /Users/bao/Documents/Projects/Websites/MIH/yii-final-project/framework/web/filters/CFilterChain.php(131): CInlineFilter->filter(Object(CFilterChain))
#28 /Users/bao/Documents/Projects/Websites/MIH/yii-final-project/framework/web/CController.php(291): CFilterChain->run()
#29 /Users/bao/Documents/Projects/Websites/MIH/yii-final-project/framework/web/CController.php(265): CController->runActionWithFilters(Object(CInlineAction), Array)
#30 /Users/bao/Documents/Projects/Websites/MIH/yii-final-project/framework/web/CWebApplication.php(282): CController->run('index')
#31 /Users/bao/Documents/Projects/Websites/MIH/yii-final-project/framework/web/CWebApplication.php(141): CWebApplication->runController('post/index')
#32 /Users/bao/Documents/Projects/Websites/MIH/yii-final-project/framework/base/CApplication.php(185): CWebApplication->processRequest()
#33 /Users/bao/Documents/Projects/Websites/MIH/yii-final-project/mih/index.php(14): CApplication->run()
#34 {main}
REQUEST_URI=/index.php/post/index
HTTP_REFERER=http://local.mihyii.com/index.php/post/index
---
